[INFO] [launch]: All log files can be found below /home/akun/.ros/log/2026-01-31-17-54-48-175467-yunle-Default-string-110506
[INFO] [launch]: Default logging verbosity is set to INFO
[INFO] [mqtt_task_receiver-1]: process started with pid [110507]
[INFO] [navigation_manager-2]: process started with pid [110509]
[INFO] [map_switch_controller-3]: process started with pid [110511]
[mqtt_task_receiver-1] [0m[INFO] [1769853288.984191764] [mqtt_task_receiver]: 正在连接到MQTT代理 localhost:1883[0m
[mqtt_task_receiver-1] [0m[INFO] [1769853288.989747251] [mqtt_task_receiver]: MQTT任务接收器已初始化[0m
[mqtt_task_receiver-1] [0m[INFO] [1769853288.990824986] [mqtt_task_receiver]: ✅ 成功连接到MQTT代理[0m
[mqtt_task_receiver-1] [0m[INFO] [1769853288.991839610] [mqtt_task_receiver]: 📡 已订阅主题: prod/ctrl/vehicle/LS1234567890/task/start[0m
[map_switch_controller-3] [0m[INFO] [1769853289.023867903] [map_switch_controller]: 地图切换控制器已初始化[0m
[WARNING] [launch]: user interrupted with ctrl-c (SIGINT)
[mqtt_task_receiver-1] [0m[INFO] [1769853338.449120776] [mqtt_task_receiver]: 正在关闭MQTT连接...[0m
[mqtt_task_receiver-1] Failed to publish log message to rosout: publisher's context is invalid, at ./src/rcl/publisher.c:389
[navigation_manager-2] Traceback (most recent call last):
[navigation_manager-2]   File "/home/akun/workspace/Car_jetson/multi_map_navigation/install/multi_map_navigation/lib/multi_map_navigation/navigation_manager", line 33, in <module>
[navigation_manager-2]     sys.exit(load_entry_point('multi-map-navigation==0.0.0', 'console_scripts', 'navigation_manager')())
[navigation_manager-2]   File "/home/akun/workspace/Car_jetson/multi_map_navigation/install/multi_map_navigation/lib/python3.10/site-packages/multi_map_navigation/navigation_manager.py", line 493, in main
[navigation_manager-2]     rclpy.shutdown()
[navigation_manager-2]   File "/opt/ros/humble/local/lib/python3.10/dist-packages/rclpy/__init__.py", line 130, in shutdown
[navigation_manager-2]     _shutdown(context=context)
[navigation_manager-2]   File "/opt/ros/humble/local/lib/python3.10/dist-packages/rclpy/utilities.py", line 58, in shutdown
[navigation_manager-2]     return context.shutdown()
[navigation_manager-2]   File "/opt/ros/humble/local/lib/python3.10/dist-packages/rclpy/context.py", line 102, in shutdown
[navigation_manager-2]     self.__context.shutdown()
[navigation_manager-2] rclpy._rclpy_pybind11.RCLError: failed to shutdown: rcl_shutdown already called on the given context, at ./src/rcl/init.c:241
[map_switch_controller-3] Traceback (most recent call last):
[map_switch_controller-3]   File "/home/akun/workspace/Car_jetson/multi_map_navigation/install/multi_map_navigation/lib/multi_map_navigation/map_switch_controller", line 33, in <module>
[map_switch_controller-3]     sys.exit(load_entry_point('multi-map-navigation==0.0.0', 'console_scripts', 'map_switch_controller')())
[map_switch_controller-3]   File "/home/akun/workspace/Car_jetson/multi_map_navigation/install/multi_map_navigation/lib/python3.10/site-packages/multi_map_navigation/map_switch_controller.py", line 301, in main
[map_switch_controller-3]     rclpy.shutdown()
[map_switch_controller-3]   File "/opt/ros/humble/local/lib/python3.10/dist-packages/rclpy/__init__.py", line 130, in shutdown
[map_switch_controller-3]     _shutdown(context=context)
[map_switch_controller-3]   File "/opt/ros/humble/local/lib/python3.10/dist-packages/rclpy/utilities.py", line 58, in shutdown
[map_switch_controller-3]     return context.shutdown()
[map_switch_controller-3]   File "/opt/ros/humble/local/lib/python3.10/dist-packages/rclpy/context.py", line 102, in shutdown
[map_switch_controller-3]     self.__context.shutdown()
[map_switch_controller-3] rclpy._rclpy_pybind11.RCLError: failed to shutdown: rcl_shutdown already called on the given context, at ./src/rcl/init.c:241
[ERROR] [navigation_manager-2]: process has died [pid 110509, exit code 1, cmd '/home/akun/workspace/Car_jetson/multi_map_navigation/install/multi_map_navigation/lib/multi_map_navigation/navigation_manager --ros-args -r __node:=navigation_manager --params-file /home/akun/workspace/Car_jetson/multi_map_navigation/install/multi_map_navigation/share/multi_map_navigation/config/navigation_config.yaml'].
[ERROR] [map_switch_controller-3]: process has died [pid 110511, exit code 1, cmd '/home/akun/workspace/Car_jetson/multi_map_navigation/install/multi_map_navigation/lib/multi_map_navigation/map_switch_controller --ros-args -r __node:=map_switch_controller --params-file /home/akun/workspace/Car_jetson/multi_map_navigation/install/multi_map_navigation/share/multi_map_navigation/config/navigation_config.yaml'].
[mqtt_task_receiver-1] [0m[INFO] [1769853339.044545483] [mqtt_task_receiver]: 已正常断开MQTT连接[0m
[mqtt_task_receiver-1] Failed to publish log message to rosout: publisher's context is invalid, at ./src/rcl/publisher.c:389
[mqtt_task_receiver-1] Traceback (most recent call last):
[mqtt_task_receiver-1]   File "/home/akun/workspace/Car_jetson/multi_map_navigation/install/multi_map_navigation/lib/multi_map_navigation/mqtt_task_receiver", line 33, in <module>
[mqtt_task_receiver-1]     sys.exit(load_entry_point('multi-map-navigation==0.0.0', 'console_scripts', 'mqtt_task_receiver')())
[mqtt_task_receiver-1]   File "/home/akun/workspace/Car_jetson/multi_map_navigation/install/multi_map_navigation/lib/python3.10/site-packages/multi_map_navigation/mqtt_task_receiver.py", line 286, in main
[mqtt_task_receiver-1]     rclpy.shutdown()
[mqtt_task_receiver-1]   File "/opt/ros/humble/local/lib/python3.10/dist-packages/rclpy/__init__.py", line 130, in shutdown
[mqtt_task_receiver-1]     _shutdown(context=context)
[mqtt_task_receiver-1]   File "/opt/ros/humble/local/lib/python3.10/dist-packages/rclpy/utilities.py", line 58, in shutdown
[mqtt_task_receiver-1]     return context.shutdown()
[mqtt_task_receiver-1]   File "/opt/ros/humble/local/lib/python3.10/dist-packages/rclpy/context.py", line 102, in shutdown
[mqtt_task_receiver-1]     self.__context.shutdown()
[mqtt_task_receiver-1] rclpy._rclpy_pybind11.RCLError: failed to shutdown: rcl_shutdown already called on the given context, at ./src/rcl/init.c:241
[ERROR] [mqtt_task_receiver-1]: process has died [pid 110507, exit code 1, cmd '/home/akun/workspace/Car_jetson/multi_map_navigation/install/multi_map_navigation/lib/multi_map_navigation/mqtt_task_receiver --ros-args -r __node:=mqtt_task_receiver --params-file /home/akun/workspace/Car_jetson/multi_map_navigation/install/multi_map_navigation/share/multi_map_navigation/config/mqtt_config.yaml'].
